<?xml version="1.0" encoding="UTF-8"?>
<testng-results ignored="0" total="1" passed="1" failed="0" skipped="0">
  <reporter-output>
  </reporter-output>
  <suite started-at="2023-01-23T00:52:11 IST" name="Default suite" finished-at="2023-01-23T00:52:14 IST" duration-ms="2851">
    <groups>
    </groups>
    <test started-at="2023-01-23T00:52:11 IST" name="Default test" finished-at="2023-01-23T00:52:14 IST" duration-ms="2851">
      <class name="RestAssured.RestAssured.TC001_Get_API">
        <test-method signature="checkWaether()[pri:0, instance:RestAssured.RestAssured.TC001_Get_API@fa49800]" started-at="2023-01-23T00:52:11 IST" name="checkWaether" finished-at="2023-01-23T00:52:14 IST" duration-ms="2761" status="PASS">
          <reporter-output>
          </reporter-output>
        </test-method> <!-- checkWaether -->
      </class> <!-- RestAssured.RestAssured.TC001_Get_API -->
    </test> <!-- Default test -->
  </suite> <!-- Default suite -->
</testng-results>
